Index(['t1p1_champId', 't1p1_min15_creeps', 't1p1_min15_damagetaken',
       't1p1_min15_gold', 't1p1_min15_xp', 't1p2_champId', 't1p2_min15_creeps',
       't1p2_min15_damagetaken', 't1p2_min15_gold', 't1p2_min15_xp',
       't1p3_champId', 't1p3_min15_creeps', 't1p3_min15_damagetaken',
       't1p3_min15_gold', 't1p3_min15_xp', 't1p4_champId', 't1p4_min15_creeps',
       't1p4_min15_damagetaken', 't1p4_min15_gold', 't1p4_min15_xp',
       't1p5_champId', 't1p5_min15_creeps', 't1p5_min15_damagetaken',
       't1p5_min15_gold', 't1p5_min15_xp', 't2p1_champId', 't2p1_min15_creeps',
       't2p1_min15_damagetaken', 't2p1_min15_gold', 't2p1_min15_xp',
       't2p2_champId', 't2p2_min15_creeps', 't2p2_min15_damagetaken',
       't2p2_min15_gold', 't2p2_min15_xp', 't2p3_champId', 't2p3_min15_creeps',
       't2p3_min15_damagetaken', 't2p3_min15_gold', 't2p3_min15_xp',
       't2p4_champId', 't2p4_min15_creeps', 't2p4_min15_damagetaken',
       't2p4_min15_gold', 't2p4_min15_xp', 't2p5_champId', 't2p5_min15_creeps',
       't2p5_min15_damagetaken', 't2p5_min15_gold', 't2p5_min15_xp', 't1_win'],
      dtype='object')
-----------------The 0 epoch------------------
===train===
AUC Score (Train): 0.910673
===test===
AUC Score (Test): 0.903521
-----------------The 1 epoch------------------
===train===
AUC Score (Train): 0.910404
===test===
AUC Score (Test): 0.918001
-----------------The 2 epoch------------------
===train===
AUC Score (Train): 0.910666
===test===
AUC Score (Test): 0.902808
-----------------The 3 epoch------------------
===train===
AUC Score (Train): 0.910370
===test===
AUC Score (Test): 0.919109
-----------------The 4 epoch------------------
===train===
AUC Score (Train): 0.910479
===test===
AUC Score (Test): 0.913460
-----------------The 5 epoch------------------
===train===
AUC Score (Train): 0.910392
===test===
AUC Score (Test): 0.918948
-----------------The 6 epoch------------------
===train===
AUC Score (Train): 0.910494
===test===
AUC Score (Test): 0.912076
-----------------The 7 epoch------------------
===train===
AUC Score (Train): 0.910399
===test===
AUC Score (Test): 0.918125
-----------------The 8 epoch------------------
===train===
AUC Score (Train): 0.910659
===test===
AUC Score (Test): 0.902748
-----------------The 9 epoch------------------
===train===
AUC Score (Train): 0.910358
===test===
AUC Score (Test): 0.920217
-----------------The 10 epoch------------------
===train===
AUC Score (Train): 0.910352
===test===
AUC Score (Test): 0.920384
-----------------The 11 epoch------------------
===train===
AUC Score (Train): 0.910468
===test===
AUC Score (Test): 0.914725
-----------------The 12 epoch------------------
===train===
AUC Score (Train): 0.910379
===test===
AUC Score (Test): 0.920122
-----------------The 13 epoch------------------
===train===
AUC Score (Train): 0.910519
===test===
AUC Score (Test): 0.910927
-----------------The 14 epoch------------------
===train===
AUC Score (Train): 0.910361
===test===
AUC Score (Test): 0.920322
-----------------The 15 epoch------------------
===train===
AUC Score (Train): 0.910444
===test===
AUC Score (Test): 0.915537
-----------------The 16 epoch------------------
===train===
AUC Score (Train): 0.910428
===test===
AUC Score (Test): 0.916119
-----------------The 17 epoch------------------
===train===
AUC Score (Train): 0.910408
===test===
AUC Score (Test): 0.916923
-----------------The 18 epoch------------------
===train===
AUC Score (Train): 0.910343
===test===
AUC Score (Test): 0.924311
-----------------The 19 epoch------------------
===train===
AUC Score (Train): 0.910504
===test===
AUC Score (Test): 0.910835
