Index(['t1p1_champId', 't1p1_min15_creeps', 't1p1_min15_damagetaken',
       't1p1_min15_gold', 't1p1_min15_xp', 't1p2_champId', 't1p2_min15_creeps',
       't1p2_min15_damagetaken', 't1p2_min15_gold', 't1p2_min15_xp',
       't1p3_champId', 't1p3_min15_creeps', 't1p3_min15_damagetaken',
       't1p3_min15_gold', 't1p3_min15_xp', 't1p4_champId', 't1p4_min15_creeps',
       't1p4_min15_damagetaken', 't1p4_min15_gold', 't1p4_min15_xp',
       't1p5_champId', 't1p5_min15_creeps', 't1p5_min15_damagetaken',
       't1p5_min15_gold', 't1p5_min15_xp', 't2p1_champId', 't2p1_min15_creeps',
       't2p1_min15_damagetaken', 't2p1_min15_gold', 't2p1_min15_xp',
       't2p2_champId', 't2p2_min15_creeps', 't2p2_min15_damagetaken',
       't2p2_min15_gold', 't2p2_min15_xp', 't2p3_champId', 't2p3_min15_creeps',
       't2p3_min15_damagetaken', 't2p3_min15_gold', 't2p3_min15_xp',
       't2p4_champId', 't2p4_min15_creeps', 't2p4_min15_damagetaken',
       't2p4_min15_gold', 't2p4_min15_xp', 't2p5_champId', 't2p5_min15_creeps',
       't2p5_min15_damagetaken', 't2p5_min15_gold', 't2p5_min15_xp', 't1_win'],
      dtype='object')
-----------------The 0 epoch------------------
===train===
Accuracy : 0.5034
AUC Score (Train): 0.500000
===test===
Accuracy : 0.493
AUC Score (Test): 0.500000
-----------------The 1 epoch------------------
===train===
Accuracy : 0.5031
AUC Score (Train): 0.500000
===test===
Accuracy : 0.511
AUC Score (Test): 0.500000
-----------------The 2 epoch------------------
===train===
Accuracy : 0.4968
AUC Score (Train): 0.500000
===test===
Accuracy : 0.497
AUC Score (Test): 0.500000
-----------------The 3 epoch------------------
===train===
Accuracy : 0.5035
AUC Score (Train): 0.500000
===test===
Accuracy : 0.486
AUC Score (Test): 0.500000
-----------------The 4 epoch------------------
===train===
Accuracy : 0.5032
AUC Score (Train): 0.500185
===test===
Accuracy : 0.502
AUC Score (Test): 0.500000
-----------------The 5 epoch------------------
===train===
Accuracy : 0.4969
AUC Score (Train): 0.500000
===test===
Accuracy : 0.489
AUC Score (Test): 0.500000
-----------------The 6 epoch------------------
===train===
Accuracy : 0.497
AUC Score (Train): 0.500000
===test===
Accuracy : 0.483
AUC Score (Test): 0.500000
-----------------The 7 epoch------------------
===train===
Accuracy : 0.5033
AUC Score (Train): 0.500000
===test===
Accuracy : 0.499
AUC Score (Test): 0.500000
-----------------The 8 epoch------------------
===train===
Accuracy : 0.5034
AUC Score (Train): 0.500000
===test===
Accuracy : 0.494
AUC Score (Test): 0.500000
-----------------The 9 epoch------------------
===train===
Accuracy : 0.5035
AUC Score (Train): 0.500000
===test===
Accuracy : 0.486
AUC Score (Test): 0.500000
-----------------The 10 epoch------------------
===train===
Accuracy : 0.4972
AUC Score (Train): 0.500000
===test===
Accuracy : 0.474
AUC Score (Test): 0.500000
-----------------The 11 epoch------------------
===train===
Accuracy : 0.5031
AUC Score (Train): 0.500000
===test===
Accuracy : 0.51
AUC Score (Test): 0.500000
-----------------The 12 epoch------------------
===train===
Accuracy : 0.4965
AUC Score (Train): 0.500000
===test===
Accuracy : 0.516
AUC Score (Test): 0.500000
-----------------The 13 epoch------------------
===train===
Accuracy : 0.5029
AUC Score (Train): 0.500000
===test===
Accuracy : 0.523
AUC Score (Test): 0.500000
-----------------The 14 epoch------------------
===train===
Accuracy : 0.5034
AUC Score (Train): 0.500000
===test===
Accuracy : 0.491
AUC Score (Test): 0.500000
-----------------The 15 epoch------------------
===train===
Accuracy : 0.5033
AUC Score (Train): 0.500000
===test===
Accuracy : 0.497
AUC Score (Test): 0.500000
-----------------The 16 epoch------------------
===train===
Accuracy : 0.5031
AUC Score (Train): 0.500000
===test===
Accuracy : 0.514
AUC Score (Test): 0.500000
-----------------The 17 epoch------------------
===train===
Accuracy : 0.5032
AUC Score (Train): 0.500000
===test===
Accuracy : 0.503
AUC Score (Test): 0.500000
-----------------The 18 epoch------------------
===train===
Accuracy : 0.5029
AUC Score (Train): 0.500000
===test===
Accuracy : 0.523
AUC Score (Test): 0.500000
-----------------The 19 epoch------------------
===train===
Accuracy : 0.4968
AUC Score (Train): 0.500000
===test===
Accuracy : 0.494
AUC Score (Test): 0.500000
