Index(['t1p1_champId', 't1p1_min15_creeps', 't1p1_min15_damagetaken',
       't1p1_min15_gold', 't1p1_min15_xp', 't1p2_champId', 't1p2_min15_creeps',
       't1p2_min15_damagetaken', 't1p2_min15_gold', 't1p2_min15_xp',
       't1p3_champId', 't1p3_min15_creeps', 't1p3_min15_damagetaken',
       't1p3_min15_gold', 't1p3_min15_xp', 't1p4_champId', 't1p4_min15_creeps',
       't1p4_min15_damagetaken', 't1p4_min15_gold', 't1p4_min15_xp',
       't1p5_champId', 't1p5_min15_creeps', 't1p5_min15_damagetaken',
       't1p5_min15_gold', 't1p5_min15_xp', 't2p1_champId', 't2p1_min15_creeps',
       't2p1_min15_damagetaken', 't2p1_min15_gold', 't2p1_min15_xp',
       't2p2_champId', 't2p2_min15_creeps', 't2p2_min15_damagetaken',
       't2p2_min15_gold', 't2p2_min15_xp', 't2p3_champId', 't2p3_min15_creeps',
       't2p3_min15_damagetaken', 't2p3_min15_gold', 't2p3_min15_xp',
       't2p4_champId', 't2p4_min15_creeps', 't2p4_min15_damagetaken',
       't2p4_min15_gold', 't2p4_min15_xp', 't2p5_champId', 't2p5_min15_creeps',
       't2p5_min15_damagetaken', 't2p5_min15_gold', 't2p5_min15_xp', 't1_win'],
      dtype='object')
-----------------The 0 epoch------------------
===train===
Accuracy : 0.8257
AUC Score (Train): 0.909990
===test===
Accuracy : 0.809
AUC Score (Test): 0.903675
-----------------The 1 epoch------------------
===train===
Accuracy : 0.8282
AUC Score (Train): 0.911444
===test===
Accuracy : 0.825
AUC Score (Test): 0.917115
-----------------The 2 epoch------------------
===train===
Accuracy : 0.8126
AUC Score (Train): 0.910038
===test===
Accuracy : 0.81
AUC Score (Test): 0.913974
-----------------The 3 epoch------------------
===train===
Accuracy : 0.8272
AUC Score (Train): 0.912446
===test===
Accuracy : 0.803
AUC Score (Test): 0.894748
-----------------The 4 epoch------------------
===train===
Accuracy : 0.8249
AUC Score (Train): 0.911026
===test===
Accuracy : 0.815
AUC Score (Test): 0.901663
-----------------The 5 epoch------------------
===train===
Accuracy : 0.8288
AUC Score (Train): 0.911903
===test===
Accuracy : 0.827
AUC Score (Test): 0.911746
-----------------The 6 epoch------------------
===train===
Accuracy : 0.8295
AUC Score (Train): 0.911971
===test===
Accuracy : 0.815
AUC Score (Test): 0.912244
-----------------The 7 epoch------------------
===train===
Accuracy : 0.8268
AUC Score (Train): 0.911743
===test===
Accuracy : 0.828
AUC Score (Test): 0.905752
-----------------The 8 epoch------------------
===train===
Accuracy : 0.823
AUC Score (Train): 0.904575
===test===
Accuracy : 0.825
AUC Score (Test): 0.908411
-----------------The 9 epoch------------------
===train===
Accuracy : 0.828
AUC Score (Train): 0.911951
===test===
Accuracy : 0.846
AUC Score (Test): 0.913731
-----------------The 10 epoch------------------
===train===
Accuracy : 0.8252
AUC Score (Train): 0.910097
===test===
Accuracy : 0.809
AUC Score (Test): 0.903328
-----------------The 11 epoch------------------
===train===
Accuracy : 0.8287
AUC Score (Train): 0.910752
===test===
Accuracy : 0.826
AUC Score (Test): 0.904111
-----------------The 12 epoch------------------
===train===
Accuracy : 0.505
AUC Score (Train): 0.501782
===test===
Accuracy : 0.514
AUC Score (Test): 0.499734
-----------------The 13 epoch------------------
===train===
Accuracy : 0.8022
AUC Score (Train): 0.904516
===test===
Accuracy : 0.82
AUC Score (Test): 0.907483
-----------------The 14 epoch------------------
===train===
Accuracy : 0.8114
AUC Score (Train): 0.909958
===test===
Accuracy : 0.803
AUC Score (Test): 0.914093
-----------------The 15 epoch------------------
===train===
Accuracy : 0.8299
AUC Score (Train): 0.912513
===test===
Accuracy : 0.832
AUC Score (Test): 0.905692
-----------------The 16 epoch------------------
===train===
Accuracy : 0.8304
AUC Score (Train): 0.911954
===test===
Accuracy : 0.818
AUC Score (Test): 0.896400
-----------------The 17 epoch------------------
===train===
Accuracy : 0.8196
AUC Score (Train): 0.904596
===test===
Accuracy : 0.837
AUC Score (Test): 0.914226
-----------------The 18 epoch------------------
===train===
Accuracy : 0.821
AUC Score (Train): 0.904475
===test===
Accuracy : 0.82
AUC Score (Test): 0.907446
-----------------The 19 epoch------------------
===train===
Accuracy : 0.828
AUC Score (Train): 0.912444
===test===
Accuracy : 0.835
AUC Score (Test): 0.919266
