Index(['t1p1_champId', 't1p1_min15_creeps', 't1p1_min15_damagetaken',
       't1p1_min15_gold', 't1p1_min15_xp', 't1p2_champId', 't1p2_min15_creeps',
       't1p2_min15_damagetaken', 't1p2_min15_gold', 't1p2_min15_xp',
       't1p3_champId', 't1p3_min15_creeps', 't1p3_min15_damagetaken',
       't1p3_min15_gold', 't1p3_min15_xp', 't1p4_champId', 't1p4_min15_creeps',
       't1p4_min15_damagetaken', 't1p4_min15_gold', 't1p4_min15_xp',
       't1p5_champId', 't1p5_min15_creeps', 't1p5_min15_damagetaken',
       't1p5_min15_gold', 't1p5_min15_xp', 't2p1_champId', 't2p1_min15_creeps',
       't2p1_min15_damagetaken', 't2p1_min15_gold', 't2p1_min15_xp',
       't2p2_champId', 't2p2_min15_creeps', 't2p2_min15_damagetaken',
       't2p2_min15_gold', 't2p2_min15_xp', 't2p3_champId', 't2p3_min15_creeps',
       't2p3_min15_damagetaken', 't2p3_min15_gold', 't2p3_min15_xp',
       't2p4_champId', 't2p4_min15_creeps', 't2p4_min15_damagetaken',
       't2p4_min15_gold', 't2p4_min15_xp', 't2p5_champId', 't2p5_min15_creeps',
       't2p5_min15_damagetaken', 't2p5_min15_gold', 't2p5_min15_xp', 't1_win'],
      dtype='object')
-----------------The 0 epoch------------------
===train===
Accuracy : 0.82
AUC Score (Train): 0.902655
===test===
Accuracy : 0.828
AUC Score (Test): 0.905926
-----------------The 1 epoch------------------
===train===
Accuracy : 0.8149
AUC Score (Train): 0.904830
===test===
Accuracy : 0.806
AUC Score (Test): 0.907787
-----------------The 2 epoch------------------
===train===
Accuracy : 0.8257
AUC Score (Train): 0.906264
===test===
Accuracy : 0.834
AUC Score (Test): 0.910126
-----------------The 3 epoch------------------
===train===
Accuracy : 0.8211
AUC Score (Train): 0.890997
===test===
Accuracy : 0.807
AUC Score (Test): 0.881718
-----------------The 4 epoch------------------
===train===
Accuracy : 0.8017
AUC Score (Train): 0.895493
===test===
Accuracy : 0.798
AUC Score (Test): 0.893952
-----------------The 5 epoch------------------
===train===
Accuracy : 0.7952
AUC Score (Train): 0.906147
===test===
Accuracy : 0.798
AUC Score (Test): 0.917300
-----------------The 6 epoch------------------
===train===
Accuracy : 0.8246
AUC Score (Train): 0.910855
===test===
Accuracy : 0.814
AUC Score (Test): 0.912571
-----------------The 7 epoch------------------
===train===
Accuracy : 0.8287
AUC Score (Train): 0.911540
===test===
Accuracy : 0.818
AUC Score (Test): 0.906146
-----------------The 8 epoch------------------
===train===
Accuracy : 0.8303
AUC Score (Train): 0.911404
===test===
Accuracy : 0.829
AUC Score (Test): 0.914338
-----------------The 9 epoch------------------
===train===
Accuracy : 0.7971
AUC Score (Train): 0.899908
===test===
Accuracy : 0.79
AUC Score (Test): 0.891712
-----------------The 10 epoch------------------
===train===
Accuracy : 0.8285
AUC Score (Train): 0.912190
===test===
Accuracy : 0.82
AUC Score (Test): 0.895746
-----------------The 11 epoch------------------
===train===
Accuracy : 0.8292
AUC Score (Train): 0.911804
===test===
Accuracy : 0.815
AUC Score (Test): 0.907392
-----------------The 12 epoch------------------
===train===
Accuracy : 0.824
AUC Score (Train): 0.911309
===test===
Accuracy : 0.797
AUC Score (Test): 0.895320
-----------------The 13 epoch------------------
===train===
Accuracy : 0.8304
AUC Score (Train): 0.913334
===test===
Accuracy : 0.825
AUC Score (Test): 0.901696
-----------------The 14 epoch------------------
===train===
Accuracy : 0.827
AUC Score (Train): 0.910473
===test===
Accuracy : 0.827
AUC Score (Test): 0.912942
-----------------The 15 epoch------------------
===train===
Accuracy : 0.8289
AUC Score (Train): 0.911840
===test===
Accuracy : 0.822
AUC Score (Test): 0.897906
-----------------The 16 epoch------------------
===train===
Accuracy : 0.8259
AUC Score (Train): 0.911527
===test===
Accuracy : 0.839
AUC Score (Test): 0.917284
-----------------The 17 epoch------------------
===train===
Accuracy : 0.82
AUC Score (Train): 0.905515
===test===
Accuracy : 0.83
AUC Score (Test): 0.903127
-----------------The 18 epoch------------------
===train===
Accuracy : 0.8251
AUC Score (Train): 0.903099
===test===
Accuracy : 0.838
AUC Score (Test): 0.903671
-----------------The 19 epoch------------------
===train===
Accuracy : 0.8285
AUC Score (Train): 0.911181
===test===
Accuracy : 0.822
AUC Score (Test): 0.897987
