Index(['t1p1_champId', 't1p1_min15_creeps', 't1p1_min15_damagetaken',
       't1p1_min15_gold', 't1p1_min15_xp', 't1p2_champId', 't1p2_min15_creeps',
       't1p2_min15_damagetaken', 't1p2_min15_gold', 't1p2_min15_xp',
       't1p3_champId', 't1p3_min15_creeps', 't1p3_min15_damagetaken',
       't1p3_min15_gold', 't1p3_min15_xp', 't1p4_champId', 't1p4_min15_creeps',
       't1p4_min15_damagetaken', 't1p4_min15_gold', 't1p4_min15_xp',
       't1p5_champId', 't1p5_min15_creeps', 't1p5_min15_damagetaken',
       't1p5_min15_gold', 't1p5_min15_xp', 't2p1_champId', 't2p1_min15_creeps',
       't2p1_min15_damagetaken', 't2p1_min15_gold', 't2p1_min15_xp',
       't2p2_champId', 't2p2_min15_creeps', 't2p2_min15_damagetaken',
       't2p2_min15_gold', 't2p2_min15_xp', 't2p3_champId', 't2p3_min15_creeps',
       't2p3_min15_damagetaken', 't2p3_min15_gold', 't2p3_min15_xp',
       't2p4_champId', 't2p4_min15_creeps', 't2p4_min15_damagetaken',
       't2p4_min15_gold', 't2p4_min15_xp', 't2p5_champId', 't2p5_min15_creeps',
       't2p5_min15_damagetaken', 't2p5_min15_gold', 't2p5_min15_xp', 't1_win'],
      dtype='object')
-----------------The 0 epoch------------------
===train===
Accuracy : 0.8106
AUC Score (Train): 0.912383
===test===
Accuracy : 0.807
AUC Score (Test): 0.910335
-----------------The 1 epoch------------------
===train===
Accuracy : 0.8303
AUC Score (Train): 0.915272
===test===
Accuracy : 0.836
AUC Score (Test): 0.916044
-----------------The 2 epoch------------------
===train===
Accuracy : 0.8226
AUC Score (Train): 0.913621
===test===
Accuracy : 0.809
AUC Score (Test): 0.901027
-----------------The 3 epoch------------------
===train===
Accuracy : 0.8315
AUC Score (Train): 0.915546
===test===
Accuracy : 0.836
AUC Score (Test): 0.918660
-----------------The 4 epoch------------------
===train===
Accuracy : 0.8259
AUC Score (Train): 0.913737
===test===
Accuracy : 0.807
AUC Score (Test): 0.904274
-----------------The 5 epoch------------------
===train===
Accuracy : 0.8103
AUC Score (Train): 0.911650
===test===
Accuracy : 0.817
AUC Score (Test): 0.920886
-----------------The 6 epoch------------------
===train===
Accuracy : 0.8075
AUC Score (Train): 0.912701
===test===
Accuracy : 0.809
AUC Score (Test): 0.907856
-----------------The 7 epoch------------------
===train===
Accuracy : 0.8299
AUC Score (Train): 0.912846
===test===
Accuracy : 0.829
AUC Score (Test): 0.917012
-----------------The 8 epoch------------------
===train===
Accuracy : 0.831
AUC Score (Train): 0.914754
===test===
Accuracy : 0.828
AUC Score (Test): 0.905399
-----------------The 9 epoch------------------
===train===
Accuracy : 0.8254
AUC Score (Train): 0.914036
===test===
Accuracy : 0.822
AUC Score (Test): 0.899662
-----------------The 10 epoch------------------
===train===
Accuracy : 0.8216
AUC Score (Train): 0.913976
===test===
Accuracy : 0.808
AUC Score (Test): 0.912882
-----------------The 11 epoch------------------
===train===
Accuracy : 0.8317
AUC Score (Train): 0.915824
===test===
Accuracy : 0.803
AUC Score (Test): 0.893422
-----------------The 12 epoch------------------
===train===
Accuracy : 0.831
AUC Score (Train): 0.914496
===test===
Accuracy : 0.835
AUC Score (Test): 0.911083
-----------------The 13 epoch------------------
===train===
Accuracy : 0.828
AUC Score (Train): 0.914842
===test===
Accuracy : 0.825
AUC Score (Test): 0.913700
-----------------The 14 epoch------------------
===train===
Accuracy : 0.8272
AUC Score (Train): 0.911718
===test===
Accuracy : 0.839
AUC Score (Test): 0.927139
-----------------The 15 epoch------------------
===train===
Accuracy : 0.8259
AUC Score (Train): 0.912208
===test===
Accuracy : 0.834
AUC Score (Test): 0.904474
-----------------The 16 epoch------------------
===train===
Accuracy : 0.8296
AUC Score (Train): 0.915315
===test===
Accuracy : 0.838
AUC Score (Test): 0.924071
-----------------The 17 epoch------------------
===train===
Accuracy : 0.8168
AUC Score (Train): 0.914607
===test===
Accuracy : 0.816
AUC Score (Test): 0.913440
-----------------The 18 epoch------------------
===train===
Accuracy : 0.828
AUC Score (Train): 0.914798
===test===
Accuracy : 0.836
AUC Score (Test): 0.913343
-----------------The 19 epoch------------------
===train===
Accuracy : 0.831
AUC Score (Train): 0.913809
===test===
Accuracy : 0.821
AUC Score (Test): 0.901932
