Index(['t1p1_champId', 't1p1_min15_creeps', 't1p1_min15_damagetaken',
       't1p1_min15_gold', 't1p1_min15_xp', 't1p2_champId', 't1p2_min15_creeps',
       't1p2_min15_damagetaken', 't1p2_min15_gold', 't1p2_min15_xp',
       't1p3_champId', 't1p3_min15_creeps', 't1p3_min15_damagetaken',
       't1p3_min15_gold', 't1p3_min15_xp', 't1p4_champId', 't1p4_min15_creeps',
       't1p4_min15_damagetaken', 't1p4_min15_gold', 't1p4_min15_xp',
       't1p5_champId', 't1p5_min15_creeps', 't1p5_min15_damagetaken',
       't1p5_min15_gold', 't1p5_min15_xp', 't2p1_champId', 't2p1_min15_creeps',
       't2p1_min15_damagetaken', 't2p1_min15_gold', 't2p1_min15_xp',
       't2p2_champId', 't2p2_min15_creeps', 't2p2_min15_damagetaken',
       't2p2_min15_gold', 't2p2_min15_xp', 't2p3_champId', 't2p3_min15_creeps',
       't2p3_min15_damagetaken', 't2p3_min15_gold', 't2p3_min15_xp',
       't2p4_champId', 't2p4_min15_creeps', 't2p4_min15_damagetaken',
       't2p4_min15_gold', 't2p4_min15_xp', 't2p5_champId', 't2p5_min15_creeps',
       't2p5_min15_damagetaken', 't2p5_min15_gold', 't2p5_min15_xp', 't1_win'],
      dtype='object')
-----------------The 0 epoch------------------
===train===
Accuracy : 0.7298
AUC Score (Train): 0.905448
===test===
Accuracy : 0.771
AUC Score (Test): 0.902517
-----------------The 1 epoch------------------
===train===
Accuracy : 0.6131
AUC Score (Train): 0.895775
===test===
Accuracy : 0.593
AUC Score (Test): 0.903211
-----------------The 2 epoch------------------
===train===
Accuracy : 0.7412
AUC Score (Train): 0.904147
===test===
Accuracy : 0.749
AUC Score (Test): 0.899329
-----------------The 3 epoch------------------
===train===
Accuracy : 0.7927
AUC Score (Train): 0.908550
===test===
Accuracy : 0.782
AUC Score (Test): 0.910033
-----------------The 4 epoch------------------
===train===
Accuracy : 0.8056
AUC Score (Train): 0.907330
===test===
Accuracy : 0.795
AUC Score (Test): 0.897566
-----------------The 5 epoch------------------
===train===
Accuracy : 0.815
AUC Score (Train): 0.907317
===test===
Accuracy : 0.82
AUC Score (Test): 0.910349
-----------------The 6 epoch------------------
===train===
Accuracy : 0.7641
AUC Score (Train): 0.905816
===test===
Accuracy : 0.764
AUC Score (Test): 0.917045
-----------------The 7 epoch------------------
===train===
Accuracy : 0.7831
AUC Score (Train): 0.906192
===test===
Accuracy : 0.781
AUC Score (Test): 0.905762
-----------------The 8 epoch------------------
===train===
Accuracy : 0.828
AUC Score (Train): 0.909452
===test===
Accuracy : 0.836
AUC Score (Test): 0.918295
-----------------The 9 epoch------------------
===train===
Accuracy : 0.7192
AUC Score (Train): 0.903356
===test===
Accuracy : 0.701
AUC Score (Test): 0.902997
-----------------The 10 epoch------------------
===train===
Accuracy : 0.6858
AUC Score (Train): 0.903180
===test===
Accuracy : 0.69
AUC Score (Test): 0.911013
-----------------The 11 epoch------------------
===train===
Accuracy : 0.8271
AUC Score (Train): 0.908886
===test===
Accuracy : 0.836
AUC Score (Test): 0.917464
-----------------The 12 epoch------------------
===train===
Accuracy : 0.729
AUC Score (Train): 0.905743
===test===
Accuracy : 0.712
AUC Score (Test): 0.889156
-----------------The 13 epoch------------------
===train===
Accuracy : 0.7246
AUC Score (Train): 0.901738
===test===
Accuracy : 0.725
AUC Score (Test): 0.893717
-----------------The 14 epoch------------------
===train===
Accuracy : 0.7913
AUC Score (Train): 0.907293
===test===
Accuracy : 0.782
AUC Score (Test): 0.895569
-----------------The 15 epoch------------------
===train===
Accuracy : 0.8244
AUC Score (Train): 0.905488
===test===
Accuracy : 0.826
AUC Score (Test): 0.911069
-----------------The 16 epoch------------------
===train===
Accuracy : 0.7397
AUC Score (Train): 0.910872
===test===
Accuracy : 0.733
AUC Score (Test): 0.909622
-----------------The 17 epoch------------------
===train===
Accuracy : 0.8254
AUC Score (Train): 0.908407
===test===
Accuracy : 0.819
AUC Score (Test): 0.898468
-----------------The 18 epoch------------------
===train===
Accuracy : 0.5679
AUC Score (Train): 0.892235
===test===
Accuracy : 0.57
AUC Score (Test): 0.884354
-----------------The 19 epoch------------------
===train===
Accuracy : 0.8262
AUC Score (Train): 0.907070
===test===
Accuracy : 0.838
AUC Score (Test): 0.911218
