Index(['t1p1_champId', 't1p1_min15_creeps', 't1p1_min15_damagetaken',
       't1p1_min15_gold', 't1p1_min15_xp', 't1p2_champId', 't1p2_min15_creeps',
       't1p2_min15_damagetaken', 't1p2_min15_gold', 't1p2_min15_xp',
       't1p3_champId', 't1p3_min15_creeps', 't1p3_min15_damagetaken',
       't1p3_min15_gold', 't1p3_min15_xp', 't1p4_champId', 't1p4_min15_creeps',
       't1p4_min15_damagetaken', 't1p4_min15_gold', 't1p4_min15_xp',
       't1p5_champId', 't1p5_min15_creeps', 't1p5_min15_damagetaken',
       't1p5_min15_gold', 't1p5_min15_xp', 't2p1_champId', 't2p1_min15_creeps',
       't2p1_min15_damagetaken', 't2p1_min15_gold', 't2p1_min15_xp',
       't2p2_champId', 't2p2_min15_creeps', 't2p2_min15_damagetaken',
       't2p2_min15_gold', 't2p2_min15_xp', 't2p3_champId', 't2p3_min15_creeps',
       't2p3_min15_damagetaken', 't2p3_min15_gold', 't2p3_min15_xp',
       't2p4_champId', 't2p4_min15_creeps', 't2p4_min15_damagetaken',
       't2p4_min15_gold', 't2p4_min15_xp', 't2p5_champId', 't2p5_min15_creeps',
       't2p5_min15_damagetaken', 't2p5_min15_gold', 't2p5_min15_xp', 't1_win'],
      dtype='object')
-----------------The 0 epoch------------------
===train===
Accuracy : 0.8254
AUC Score (Train): 0.904709
===test===
Accuracy : 0.81
AUC Score (Test): 0.893804
-----------------The 1 epoch------------------
===train===
Accuracy : 0.8222
AUC Score (Train): 0.904791
===test===
Accuracy : 0.816
AUC Score (Test): 0.908135
-----------------The 2 epoch------------------
===train===
Accuracy : 0.8212
AUC Score (Train): 0.904989
===test===
Accuracy : 0.821
AUC Score (Test): 0.900329
-----------------The 3 epoch------------------
===train===
Accuracy : 0.8284
AUC Score (Train): 0.910930
===test===
Accuracy : 0.833
AUC Score (Test): 0.907819
-----------------The 4 epoch------------------
===train===
Accuracy : 0.8154
AUC Score (Train): 0.910500
===test===
Accuracy : 0.803
AUC Score (Test): 0.901712
-----------------The 5 epoch------------------
===train===
Accuracy : 0.8289
AUC Score (Train): 0.911263
===test===
Accuracy : 0.834
AUC Score (Test): 0.922530
-----------------The 6 epoch------------------
===train===
Accuracy : 0.7378
AUC Score (Train): 0.889908
===test===
Accuracy : 0.725
AUC Score (Test): 0.884727
-----------------The 7 epoch------------------
===train===
Accuracy : 0.8119
AUC Score (Train): 0.909688
===test===
Accuracy : 0.812
AUC Score (Test): 0.909519
-----------------The 8 epoch------------------
===train===
Accuracy : 0.8241
AUC Score (Train): 0.912195
===test===
Accuracy : 0.824
AUC Score (Test): 0.910443
-----------------The 9 epoch------------------
===train===
Accuracy : 0.8218
AUC Score (Train): 0.911903
===test===
Accuracy : 0.823
AUC Score (Test): 0.901678
-----------------The 10 epoch------------------
===train===
Accuracy : 0.8179
AUC Score (Train): 0.905390
===test===
Accuracy : 0.797
AUC Score (Test): 0.892687
-----------------The 11 epoch------------------
===train===
Accuracy : 0.8145
AUC Score (Train): 0.909271
===test===
Accuracy : 0.816
AUC Score (Test): 0.917084
-----------------The 12 epoch------------------
===train===
Accuracy : 0.5033
AUC Score (Train): 0.500000
===test===
Accuracy : 0.502
AUC Score (Test): 0.500000
-----------------The 13 epoch------------------
===train===
Accuracy : 0.8272
AUC Score (Train): 0.912382
===test===
Accuracy : 0.808
AUC Score (Test): 0.897354
-----------------The 14 epoch------------------
===train===
Accuracy : 0.5033
AUC Score (Train): 0.499881
===test===
Accuracy : 0.502
AUC Score (Test): 0.500000
-----------------The 15 epoch------------------
===train===
Accuracy : 0.805
AUC Score (Train): 0.902638
===test===
Accuracy : 0.793
AUC Score (Test): 0.894291
-----------------The 16 epoch------------------
===train===
Accuracy : 0.8258
AUC Score (Train): 0.911734
===test===
Accuracy : 0.833
AUC Score (Test): 0.915608
-----------------The 17 epoch------------------
===train===
Accuracy : 0.8259
AUC Score (Train): 0.910198
===test===
Accuracy : 0.829
AUC Score (Test): 0.909731
-----------------The 18 epoch------------------
===train===
Accuracy : 0.8286
AUC Score (Train): 0.904421
===test===
Accuracy : 0.801
AUC Score (Test): 0.885470
-----------------The 19 epoch------------------
===train===
Accuracy : 0.8273
AUC Score (Train): 0.904368
===test===
Accuracy : 0.827
AUC Score (Test): 0.905418
