Index(['t1p1_champId', 't1p1_min15_creeps', 't1p1_min15_damagetaken',
       't1p1_min15_gold', 't1p1_min15_xp', 't1p2_champId', 't1p2_min15_creeps',
       't1p2_min15_damagetaken', 't1p2_min15_gold', 't1p2_min15_xp',
       't1p3_champId', 't1p3_min15_creeps', 't1p3_min15_damagetaken',
       't1p3_min15_gold', 't1p3_min15_xp', 't1p4_champId', 't1p4_min15_creeps',
       't1p4_min15_damagetaken', 't1p4_min15_gold', 't1p4_min15_xp',
       't1p5_champId', 't1p5_min15_creeps', 't1p5_min15_damagetaken',
       't1p5_min15_gold', 't1p5_min15_xp', 't2p1_champId', 't2p1_min15_creeps',
       't2p1_min15_damagetaken', 't2p1_min15_gold', 't2p1_min15_xp',
       't2p2_champId', 't2p2_min15_creeps', 't2p2_min15_damagetaken',
       't2p2_min15_gold', 't2p2_min15_xp', 't2p3_champId', 't2p3_min15_creeps',
       't2p3_min15_damagetaken', 't2p3_min15_gold', 't2p3_min15_xp',
       't2p4_champId', 't2p4_min15_creeps', 't2p4_min15_damagetaken',
       't2p4_min15_gold', 't2p4_min15_xp', 't2p5_champId', 't2p5_min15_creeps',
       't2p5_min15_damagetaken', 't2p5_min15_gold', 't2p5_min15_xp', 't1_win'],
      dtype='object')
-----------------The 0 epoch------------------
===train===
Accuracy : 0.8153
AUC Score (Train): 0.907529
===test===
Accuracy : 0.796
AUC Score (Test): 0.891782
-----------------The 1 epoch------------------
===train===
Accuracy : 0.8285
AUC Score (Train): 0.908705
===test===
Accuracy : 0.827
AUC Score (Test): 0.909632
-----------------The 2 epoch------------------
===train===
Accuracy : 0.7622
AUC Score (Train): 0.909777
===test===
Accuracy : 0.781
AUC Score (Test): 0.922872
-----------------The 3 epoch------------------
===train===
Accuracy : 0.8218
AUC Score (Train): 0.907480
===test===
Accuracy : 0.829
AUC Score (Test): 0.910280
-----------------The 4 epoch------------------
===train===
Accuracy : 0.8192
AUC Score (Train): 0.908869
===test===
Accuracy : 0.804
AUC Score (Test): 0.893556
-----------------The 5 epoch------------------
===train===
Accuracy : 0.7315
AUC Score (Train): 0.906461
===test===
Accuracy : 0.72
AUC Score (Test): 0.898024
-----------------The 6 epoch------------------
===train===
Accuracy : 0.8149
AUC Score (Train): 0.907906
===test===
Accuracy : 0.809
AUC Score (Test): 0.891032
-----------------The 7 epoch------------------
===train===
Accuracy : 0.7928
AUC Score (Train): 0.913728
===test===
Accuracy : 0.812
AUC Score (Test): 0.920336
-----------------The 8 epoch------------------
===train===
Accuracy : 0.7813
AUC Score (Train): 0.908924
===test===
Accuracy : 0.785
AUC Score (Test): 0.910968
-----------------The 9 epoch------------------
===train===
Accuracy : 0.8286
AUC Score (Train): 0.908858
===test===
Accuracy : 0.812
AUC Score (Test): 0.895652
-----------------The 10 epoch------------------
===train===
Accuracy : 0.8228
AUC Score (Train): 0.911511
===test===
Accuracy : 0.788
AUC Score (Test): 0.890432
-----------------The 11 epoch------------------
===train===
Accuracy : 0.7821
AUC Score (Train): 0.908067
===test===
Accuracy : 0.782
AUC Score (Test): 0.919635
-----------------The 12 epoch------------------
===train===
Accuracy : 0.5862
AUC Score (Train): 0.895569
===test===
Accuracy : 0.6
AUC Score (Test): 0.895626
-----------------The 13 epoch------------------
===train===
Accuracy : 0.675
AUC Score (Train): 0.903293
===test===
Accuracy : 0.656
AUC Score (Test): 0.887987
-----------------The 14 epoch------------------
===train===
Accuracy : 0.7815
AUC Score (Train): 0.909416
===test===
Accuracy : 0.789
AUC Score (Test): 0.888095
-----------------The 15 epoch------------------
===train===
Accuracy : 0.7777
AUC Score (Train): 0.908865
===test===
Accuracy : 0.783
AUC Score (Test): 0.901397
-----------------The 16 epoch------------------
===train===
Accuracy : 0.7642
AUC Score (Train): 0.904772
===test===
Accuracy : 0.733
AUC Score (Test): 0.893834
-----------------The 17 epoch------------------
===train===
Accuracy : 0.7135
AUC Score (Train): 0.906710
===test===
Accuracy : 0.731
AUC Score (Test): 0.915364
-----------------The 18 epoch------------------
===train===
Accuracy : 0.7051
AUC Score (Train): 0.906310
===test===
Accuracy : 0.693
AUC Score (Test): 0.906081
-----------------The 19 epoch------------------
===train===
Accuracy : 0.7802
AUC Score (Train): 0.905924
===test===
Accuracy : 0.767
AUC Score (Test): 0.897326
