Index(['t1p1_champId', 't1p1_min15_creeps', 't1p1_min15_damagetaken',
       't1p1_min15_gold', 't1p1_min15_xp', 't1p2_champId', 't1p2_min15_creeps',
       't1p2_min15_damagetaken', 't1p2_min15_gold', 't1p2_min15_xp',
       't1p3_champId', 't1p3_min15_creeps', 't1p3_min15_damagetaken',
       't1p3_min15_gold', 't1p3_min15_xp', 't1p4_champId', 't1p4_min15_creeps',
       't1p4_min15_damagetaken', 't1p4_min15_gold', 't1p4_min15_xp',
       't1p5_champId', 't1p5_min15_creeps', 't1p5_min15_damagetaken',
       't1p5_min15_gold', 't1p5_min15_xp', 't2p1_champId', 't2p1_min15_creeps',
       't2p1_min15_damagetaken', 't2p1_min15_gold', 't2p1_min15_xp',
       't2p2_champId', 't2p2_min15_creeps', 't2p2_min15_damagetaken',
       't2p2_min15_gold', 't2p2_min15_xp', 't2p3_champId', 't2p3_min15_creeps',
       't2p3_min15_damagetaken', 't2p3_min15_gold', 't2p3_min15_xp',
       't2p4_champId', 't2p4_min15_creeps', 't2p4_min15_damagetaken',
       't2p4_min15_gold', 't2p4_min15_xp', 't2p5_champId', 't2p5_min15_creeps',
       't2p5_min15_damagetaken', 't2p5_min15_gold', 't2p5_min15_xp', 't1_win'],
      dtype='object')
-----------------The 0 epoch------------------
===train===
Accuracy : 0.8285
AUC Score (Train): 0.911134
===test===
Accuracy : 0.824
AUC Score (Test): 0.912960
-----------------The 1 epoch------------------
===train===
Accuracy : 0.8258
AUC Score (Train): 0.905023
===test===
Accuracy : 0.836
AUC Score (Test): 0.909745
-----------------The 2 epoch------------------
===train===
Accuracy : 0.8302
AUC Score (Train): 0.912552
===test===
Accuracy : 0.839
AUC Score (Test): 0.918412
-----------------The 3 epoch------------------
===train===
Accuracy : 0.7959
AUC Score (Train): 0.904724
===test===
Accuracy : 0.788
AUC Score (Test): 0.878648
-----------------The 4 epoch------------------
===train===
Accuracy : 0.8287
AUC Score (Train): 0.911958
===test===
Accuracy : 0.824
AUC Score (Test): 0.899813
-----------------The 5 epoch------------------
===train===
Accuracy : 0.8281
AUC Score (Train): 0.903738
===test===
Accuracy : 0.817
AUC Score (Test): 0.906991
-----------------The 6 epoch------------------
===train===
Accuracy : 0.8252
AUC Score (Train): 0.903144
===test===
Accuracy : 0.848
AUC Score (Test): 0.915377
-----------------The 7 epoch------------------
===train===
Accuracy : 0.8233
AUC Score (Train): 0.912152
===test===
Accuracy : 0.814
AUC Score (Test): 0.909357
-----------------The 8 epoch------------------
===train===
Accuracy : 0.7948
AUC Score (Train): 0.909575
===test===
Accuracy : 0.79
AUC Score (Test): 0.905382
-----------------The 9 epoch------------------
===train===
Accuracy : 0.7719
AUC Score (Train): 0.895468
===test===
Accuracy : 0.778
AUC Score (Test): 0.909676
-----------------The 10 epoch------------------
===train===
Accuracy : 0.8194
AUC Score (Train): 0.908198
===test===
Accuracy : 0.825
AUC Score (Test): 0.898254
-----------------The 11 epoch------------------
===train===
Accuracy : 0.816
AUC Score (Train): 0.904934
===test===
Accuracy : 0.814
AUC Score (Test): 0.909545
-----------------The 12 epoch------------------
===train===
Accuracy : 0.8277
AUC Score (Train): 0.911299
===test===
Accuracy : 0.824
AUC Score (Test): 0.912718
-----------------The 13 epoch------------------
===train===
Accuracy : 0.8146
AUC Score (Train): 0.904976
===test===
Accuracy : 0.79
AUC Score (Test): 0.892362
-----------------The 14 epoch------------------
===train===
Accuracy : 0.8292
AUC Score (Train): 0.911192
===test===
Accuracy : 0.85
AUC Score (Test): 0.920035
-----------------The 15 epoch------------------
===train===
Accuracy : 0.8197
AUC Score (Train): 0.912175
===test===
Accuracy : 0.837
AUC Score (Test): 0.924455
-----------------The 16 epoch------------------
===train===
Accuracy : 0.8252
AUC Score (Train): 0.910690
===test===
Accuracy : 0.812
AUC Score (Test): 0.895077
-----------------The 17 epoch------------------
===train===
Accuracy : 0.8175
AUC Score (Train): 0.909941
===test===
Accuracy : 0.831
AUC Score (Test): 0.915965
-----------------The 18 epoch------------------
===train===
Accuracy : 0.8294
AUC Score (Train): 0.912098
===test===
Accuracy : 0.815
AUC Score (Test): 0.900591
-----------------The 19 epoch------------------
===train===
Accuracy : 0.8286
AUC Score (Train): 0.902094
===test===
Accuracy : 0.83
AUC Score (Test): 0.897477
