Index(['t1p1_champId', 't1p1_min15_creeps', 't1p1_min15_damagetaken',
       't1p1_min15_gold', 't1p1_min15_xp', 't1p2_champId', 't1p2_min15_creeps',
       't1p2_min15_damagetaken', 't1p2_min15_gold', 't1p2_min15_xp',
       't1p3_champId', 't1p3_min15_creeps', 't1p3_min15_damagetaken',
       't1p3_min15_gold', 't1p3_min15_xp', 't1p4_champId', 't1p4_min15_creeps',
       't1p4_min15_damagetaken', 't1p4_min15_gold', 't1p4_min15_xp',
       't1p5_champId', 't1p5_min15_creeps', 't1p5_min15_damagetaken',
       't1p5_min15_gold', 't1p5_min15_xp', 't2p1_champId', 't2p1_min15_creeps',
       't2p1_min15_damagetaken', 't2p1_min15_gold', 't2p1_min15_xp',
       't2p2_champId', 't2p2_min15_creeps', 't2p2_min15_damagetaken',
       't2p2_min15_gold', 't2p2_min15_xp', 't2p3_champId', 't2p3_min15_creeps',
       't2p3_min15_damagetaken', 't2p3_min15_gold', 't2p3_min15_xp',
       't2p4_champId', 't2p4_min15_creeps', 't2p4_min15_damagetaken',
       't2p4_min15_gold', 't2p4_min15_xp', 't2p5_champId', 't2p5_min15_creeps',
       't2p5_min15_damagetaken', 't2p5_min15_gold', 't2p5_min15_xp', 't1_win'],
      dtype='object')
-----------------The 0 epoch------------------
===train===
Accuracy : 0.8324
===test===
Accuracy : 0.828
-----------------The 1 epoch------------------
===train===
Accuracy : 0.8318
===test===
Accuracy : 0.844
-----------------The 2 epoch------------------
===train===
Accuracy : 0.8323
===test===
Accuracy : 0.831
-----------------The 3 epoch------------------
===train===
Accuracy : 0.832
===test===
Accuracy : 0.833
-----------------The 4 epoch------------------
===train===
Accuracy : 0.832
===test===
Accuracy : 0.829
-----------------The 5 epoch------------------
===train===
Accuracy : 0.8324
===test===
Accuracy : 0.828
-----------------The 6 epoch------------------
===train===
Accuracy : 0.832
===test===
Accuracy : 0.83
-----------------The 7 epoch------------------
===train===
Accuracy : 0.8323
===test===
Accuracy : 0.834
-----------------The 8 epoch------------------
===train===
Accuracy : 0.8321
===test===
Accuracy : 0.842
-----------------The 9 epoch------------------
===train===
Accuracy : 0.8323
===test===
Accuracy : 0.821
-----------------The 10 epoch------------------
===train===
Accuracy : 0.8323
===test===
Accuracy : 0.835
-----------------The 11 epoch------------------
===train===
Accuracy : 0.8318
===test===
Accuracy : 0.85
-----------------The 12 epoch------------------
===train===
Accuracy : 0.832
===test===
Accuracy : 0.839
-----------------The 13 epoch------------------
===train===
Accuracy : 0.8321
===test===
Accuracy : 0.841
-----------------The 14 epoch------------------
===train===
Accuracy : 0.8322
===test===
Accuracy : 0.828
-----------------The 15 epoch------------------
===train===
Accuracy : 0.8324
===test===
Accuracy : 0.827
-----------------The 16 epoch------------------
===train===
Accuracy : 0.8318
===test===
Accuracy : 0.845
-----------------The 17 epoch------------------
===train===
Accuracy : 0.8321
===test===
Accuracy : 0.828
-----------------The 18 epoch------------------
===train===
Accuracy : 0.8321
===test===
Accuracy : 0.826
-----------------The 19 epoch------------------
===train===
Accuracy : 0.8324
===test===
Accuracy : 0.817
