Index(['t1p1_champId', 't1p1_min15_creeps', 't1p1_min15_damagetaken',
       't1p1_min15_gold', 't1p1_min15_xp', 't1p2_champId', 't1p2_min15_creeps',
       't1p2_min15_damagetaken', 't1p2_min15_gold', 't1p2_min15_xp',
       't1p3_champId', 't1p3_min15_creeps', 't1p3_min15_damagetaken',
       't1p3_min15_gold', 't1p3_min15_xp', 't1p4_champId', 't1p4_min15_creeps',
       't1p4_min15_damagetaken', 't1p4_min15_gold', 't1p4_min15_xp',
       't1p5_champId', 't1p5_min15_creeps', 't1p5_min15_damagetaken',
       't1p5_min15_gold', 't1p5_min15_xp', 't2p1_champId', 't2p1_min15_creeps',
       't2p1_min15_damagetaken', 't2p1_min15_gold', 't2p1_min15_xp',
       't2p2_champId', 't2p2_min15_creeps', 't2p2_min15_damagetaken',
       't2p2_min15_gold', 't2p2_min15_xp', 't2p3_champId', 't2p3_min15_creeps',
       't2p3_min15_damagetaken', 't2p3_min15_gold', 't2p3_min15_xp',
       't2p4_champId', 't2p4_min15_creeps', 't2p4_min15_damagetaken',
       't2p4_min15_gold', 't2p4_min15_xp', 't2p5_champId', 't2p5_min15_creeps',
       't2p5_min15_damagetaken', 't2p5_min15_gold', 't2p5_min15_xp', 't1_win'],
      dtype='object')
-----------------The 0 epoch------------------
===train===
Accuracy : 0.825
AUC Score (Train): 0.910046
===test===
Accuracy : 0.823
AUC Score (Test): 0.913814
-----------------The 1 epoch------------------
===train===
Accuracy : 0.8294
AUC Score (Train): 0.911606
===test===
Accuracy : 0.836
AUC Score (Test): 0.914783
-----------------The 2 epoch------------------
===train===
Accuracy : 0.8293
AUC Score (Train): 0.911607
===test===
Accuracy : 0.835
AUC Score (Test): 0.919361
-----------------The 3 epoch------------------
===train===
Accuracy : 0.8239
AUC Score (Train): 0.911641
===test===
Accuracy : 0.82
AUC Score (Test): 0.906818
-----------------The 4 epoch------------------
===train===
Accuracy : 0.8243
AUC Score (Train): 0.905036
===test===
Accuracy : 0.815
AUC Score (Test): 0.895012
-----------------The 5 epoch------------------
===train===
Accuracy : 0.8227
AUC Score (Train): 0.904502
===test===
Accuracy : 0.833
AUC Score (Test): 0.922865
-----------------The 6 epoch------------------
===train===
Accuracy : 0.8282
AUC Score (Train): 0.911934
===test===
Accuracy : 0.819
AUC Score (Test): 0.909634
-----------------The 7 epoch------------------
===train===
Accuracy : 0.8281
AUC Score (Train): 0.911377
===test===
Accuracy : 0.828
AUC Score (Test): 0.924881
-----------------The 8 epoch------------------
===train===
Accuracy : 0.8074
AUC Score (Train): 0.904871
===test===
Accuracy : 0.78
AUC Score (Test): 0.893662
-----------------The 9 epoch------------------
===train===
Accuracy : 0.8255
AUC Score (Train): 0.903668
===test===
Accuracy : 0.835
AUC Score (Test): 0.915103
-----------------The 10 epoch------------------
===train===
Accuracy : 0.807
AUC Score (Train): 0.910639
===test===
Accuracy : 0.807
AUC Score (Test): 0.903914
-----------------The 11 epoch------------------
===train===
Accuracy : 0.8261
AUC Score (Train): 0.901283
===test===
Accuracy : 0.827
AUC Score (Test): 0.907023
-----------------The 12 epoch------------------
===train===
Accuracy : 0.8251
AUC Score (Train): 0.911511
===test===
Accuracy : 0.813
AUC Score (Test): 0.903635
-----------------The 13 epoch------------------
===train===
Accuracy : 0.8215
AUC Score (Train): 0.912053
===test===
Accuracy : 0.835
AUC Score (Test): 0.924487
-----------------The 14 epoch------------------
===train===
Accuracy : 0.8177
AUC Score (Train): 0.911888
===test===
Accuracy : 0.818
AUC Score (Test): 0.905151
-----------------The 15 epoch------------------
===train===
Accuracy : 0.8288
AUC Score (Train): 0.905169
===test===
Accuracy : 0.811
AUC Score (Test): 0.889072
-----------------The 16 epoch------------------
===train===
Accuracy : 0.8297
AUC Score (Train): 0.912012
===test===
Accuracy : 0.85
AUC Score (Test): 0.924326
-----------------The 17 epoch------------------
===train===
Accuracy : 0.829
AUC Score (Train): 0.911703
===test===
Accuracy : 0.851
AUC Score (Test): 0.928761
-----------------The 18 epoch------------------
===train===
Accuracy : 0.8233
AUC Score (Train): 0.871370
===test===
Accuracy : 0.821
AUC Score (Test): 0.868080
-----------------The 19 epoch------------------
===train===
Accuracy : 0.7633
AUC Score (Train): 0.906831
===test===
Accuracy : 0.769
AUC Score (Test): 0.905084
