Index(['t1p1_champId', 't1p1_min15_creeps', 't1p1_min15_damagetaken',
       't1p1_min15_gold', 't1p1_min15_xp', 't1p2_champId', 't1p2_min15_creeps',
       't1p2_min15_damagetaken', 't1p2_min15_gold', 't1p2_min15_xp',
       't1p3_champId', 't1p3_min15_creeps', 't1p3_min15_damagetaken',
       't1p3_min15_gold', 't1p3_min15_xp', 't1p4_champId', 't1p4_min15_creeps',
       't1p4_min15_damagetaken', 't1p4_min15_gold', 't1p4_min15_xp',
       't1p5_champId', 't1p5_min15_creeps', 't1p5_min15_damagetaken',
       't1p5_min15_gold', 't1p5_min15_xp', 't2p1_champId', 't2p1_min15_creeps',
       't2p1_min15_damagetaken', 't2p1_min15_gold', 't2p1_min15_xp',
       't2p2_champId', 't2p2_min15_creeps', 't2p2_min15_damagetaken',
       't2p2_min15_gold', 't2p2_min15_xp', 't2p3_champId', 't2p3_min15_creeps',
       't2p3_min15_damagetaken', 't2p3_min15_gold', 't2p3_min15_xp',
       't2p4_champId', 't2p4_min15_creeps', 't2p4_min15_damagetaken',
       't2p4_min15_gold', 't2p4_min15_xp', 't2p5_champId', 't2p5_min15_creeps',
       't2p5_min15_damagetaken', 't2p5_min15_gold', 't2p5_min15_xp', 't1_win'],
      dtype='object')
-----------------The 0 epoch------------------
===train===
Accuracy : 0.8247
AUC Score (Train): 0.913311
===test===
Accuracy : 0.824
AUC Score (Test): 0.912400
-----------------The 1 epoch------------------
===train===
Accuracy : 0.8299
AUC Score (Train): 0.913864
===test===
Accuracy : 0.83
AUC Score (Test): 0.907253
-----------------The 2 epoch------------------
===train===
Accuracy : 0.8258
AUC Score (Train): 0.912072
===test===
Accuracy : 0.816
AUC Score (Test): 0.907145
-----------------The 3 epoch------------------
===train===
Accuracy : 0.8293
AUC Score (Train): 0.911177
===test===
Accuracy : 0.838
AUC Score (Test): 0.921261
-----------------The 4 epoch------------------
===train===
Accuracy : 0.8291
AUC Score (Train): 0.913901
===test===
Accuracy : 0.83
AUC Score (Test): 0.912925
-----------------The 5 epoch------------------
===train===
Accuracy : 0.8306
AUC Score (Train): 0.914492
===test===
Accuracy : 0.802
AUC Score (Test): 0.898296
-----------------The 6 epoch------------------
===train===
Accuracy : 0.8189
AUC Score (Train): 0.913661
===test===
Accuracy : 0.821
AUC Score (Test): 0.911584
-----------------The 7 epoch------------------
===train===
Accuracy : 0.822
AUC Score (Train): 0.912273
===test===
Accuracy : 0.812
AUC Score (Test): 0.907083
-----------------The 8 epoch------------------
===train===
Accuracy : 0.8287
AUC Score (Train): 0.912595
===test===
Accuracy : 0.828
AUC Score (Test): 0.913602
-----------------The 9 epoch------------------
===train===
Accuracy : 0.829
AUC Score (Train): 0.913102
===test===
Accuracy : 0.836
AUC Score (Test): 0.918612
-----------------The 10 epoch------------------
===train===
Accuracy : 0.8275
AUC Score (Train): 0.914068
===test===
Accuracy : 0.831
AUC Score (Test): 0.912887
-----------------The 11 epoch------------------
===train===
Accuracy : 0.8297
AUC Score (Train): 0.913589
===test===
Accuracy : 0.835
AUC Score (Test): 0.915791
-----------------The 12 epoch------------------
===train===
Accuracy : 0.8296
AUC Score (Train): 0.913652
===test===
Accuracy : 0.835
AUC Score (Test): 0.914879
-----------------The 13 epoch------------------
===train===
Accuracy : 0.8313
AUC Score (Train): 0.911541
===test===
Accuracy : 0.846
AUC Score (Test): 0.914977
-----------------The 14 epoch------------------
===train===
Accuracy : 0.8295
AUC Score (Train): 0.914976
===test===
Accuracy : 0.82
AUC Score (Test): 0.911521
-----------------The 15 epoch------------------
===train===
Accuracy : 0.503
AUC Score (Train): 0.500017
===test===
Accuracy : 0.515
AUC Score (Test): 0.500000
-----------------The 16 epoch------------------
===train===
Accuracy : 0.8298
AUC Score (Train): 0.914672
===test===
Accuracy : 0.839
AUC Score (Test): 0.916576
-----------------The 17 epoch------------------
===train===
Accuracy : 0.8305
AUC Score (Train): 0.914659
===test===
Accuracy : 0.838
AUC Score (Test): 0.919324
-----------------The 18 epoch------------------
===train===
Accuracy : 0.8302
AUC Score (Train): 0.913888
===test===
Accuracy : 0.803
AUC Score (Test): 0.894865
-----------------The 19 epoch------------------
===train===
Accuracy : 0.8284
AUC Score (Train): 0.914047
===test===
Accuracy : 0.814
AUC Score (Test): 0.912147
