Index(['t1p1_champId', 't1p1_min15_creeps', 't1p1_min15_damagetaken',
       't1p1_min15_gold', 't1p1_min15_xp', 't1p2_champId', 't1p2_min15_creeps',
       't1p2_min15_damagetaken', 't1p2_min15_gold', 't1p2_min15_xp',
       't1p3_champId', 't1p3_min15_creeps', 't1p3_min15_damagetaken',
       't1p3_min15_gold', 't1p3_min15_xp', 't1p4_champId', 't1p4_min15_creeps',
       't1p4_min15_damagetaken', 't1p4_min15_gold', 't1p4_min15_xp',
       't1p5_champId', 't1p5_min15_creeps', 't1p5_min15_damagetaken',
       't1p5_min15_gold', 't1p5_min15_xp', 't2p1_champId', 't2p1_min15_creeps',
       't2p1_min15_damagetaken', 't2p1_min15_gold', 't2p1_min15_xp',
       't2p2_champId', 't2p2_min15_creeps', 't2p2_min15_damagetaken',
       't2p2_min15_gold', 't2p2_min15_xp', 't2p3_champId', 't2p3_min15_creeps',
       't2p3_min15_damagetaken', 't2p3_min15_gold', 't2p3_min15_xp',
       't2p4_champId', 't2p4_min15_creeps', 't2p4_min15_damagetaken',
       't2p4_min15_gold', 't2p4_min15_xp', 't2p5_champId', 't2p5_min15_creeps',
       't2p5_min15_damagetaken', 't2p5_min15_gold', 't2p5_min15_xp', 't1_win'],
      dtype='object')
-----------------The 0 epoch------------------
===train===
Accuracy : 0.8229
AUC Score (Train): 0.912646
===test===
Accuracy : 0.83
AUC Score (Test): 0.917931
-----------------The 1 epoch------------------
===train===
Accuracy : 0.8296
AUC Score (Train): 0.912723
===test===
Accuracy : 0.832
AUC Score (Test): 0.921235
-----------------The 2 epoch------------------
===train===
Accuracy : 0.8285
AUC Score (Train): 0.910944
===test===
Accuracy : 0.839
AUC Score (Test): 0.911907
-----------------The 3 epoch------------------
===train===
Accuracy : 0.8315
AUC Score (Train): 0.912212
===test===
Accuracy : 0.826
AUC Score (Test): 0.917445
-----------------The 4 epoch------------------
===train===
Accuracy : 0.8254
AUC Score (Train): 0.911327
===test===
Accuracy : 0.81
AUC Score (Test): 0.898993
-----------------The 5 epoch------------------
===train===
Accuracy : 0.8291
AUC Score (Train): 0.912476
===test===
Accuracy : 0.822
AUC Score (Test): 0.905948
-----------------The 6 epoch------------------
===train===
Accuracy : 0.8295
AUC Score (Train): 0.912244
===test===
Accuracy : 0.835
AUC Score (Test): 0.912988
-----------------The 7 epoch------------------
===train===
Accuracy : 0.827
AUC Score (Train): 0.912258
===test===
Accuracy : 0.819
AUC Score (Test): 0.914565
-----------------The 8 epoch------------------
===train===
Accuracy : 0.83
AUC Score (Train): 0.911629
===test===
Accuracy : 0.827
AUC Score (Test): 0.909057
-----------------The 9 epoch------------------
===train===
Accuracy : 0.829
AUC Score (Train): 0.909332
===test===
Accuracy : 0.815
AUC Score (Test): 0.890119
-----------------The 10 epoch------------------
===train===
Accuracy : 0.8305
AUC Score (Train): 0.911933
===test===
Accuracy : 0.795
AUC Score (Test): 0.892644
-----------------The 11 epoch------------------
===train===
Accuracy : 0.8271
AUC Score (Train): 0.911709
===test===
Accuracy : 0.835
AUC Score (Test): 0.909089
-----------------The 12 epoch------------------
===train===
Accuracy : 0.8271
AUC Score (Train): 0.911649
===test===
Accuracy : 0.838
AUC Score (Test): 0.916042
-----------------The 13 epoch------------------
===train===
Accuracy : 0.8282
AUC Score (Train): 0.904248
===test===
Accuracy : 0.835
AUC Score (Test): 0.915128
-----------------The 14 epoch------------------
===train===
Accuracy : 0.8302
AUC Score (Train): 0.910570
===test===
Accuracy : 0.799
AUC Score (Test): 0.893631
-----------------The 15 epoch------------------
===train===
Accuracy : 0.8153
AUC Score (Train): 0.912617
===test===
Accuracy : 0.837
AUC Score (Test): 0.919057
-----------------The 16 epoch------------------
===train===
Accuracy : 0.8299
AUC Score (Train): 0.912094
===test===
Accuracy : 0.81
AUC Score (Test): 0.899928
-----------------The 17 epoch------------------
===train===
Accuracy : 0.8286
AUC Score (Train): 0.912695
===test===
Accuracy : 0.835
AUC Score (Test): 0.909430
-----------------The 18 epoch------------------
===train===
Accuracy : 0.8189
AUC Score (Train): 0.912417
===test===
Accuracy : 0.817
AUC Score (Test): 0.905130
-----------------The 19 epoch------------------
===train===
Accuracy : 0.8306
AUC Score (Train): 0.911786
===test===
Accuracy : 0.838
AUC Score (Test): 0.921369
