Index(['t1p1_champId', 't1p1_min15_creeps', 't1p1_min15_damagetaken',
       't1p1_min15_gold', 't1p1_min15_xp', 't1p2_champId', 't1p2_min15_creeps',
       't1p2_min15_damagetaken', 't1p2_min15_gold', 't1p2_min15_xp',
       't1p3_champId', 't1p3_min15_creeps', 't1p3_min15_damagetaken',
       't1p3_min15_gold', 't1p3_min15_xp', 't1p4_champId', 't1p4_min15_creeps',
       't1p4_min15_damagetaken', 't1p4_min15_gold', 't1p4_min15_xp',
       't1p5_champId', 't1p5_min15_creeps', 't1p5_min15_damagetaken',
       't1p5_min15_gold', 't1p5_min15_xp', 't2p1_champId', 't2p1_min15_creeps',
       't2p1_min15_damagetaken', 't2p1_min15_gold', 't2p1_min15_xp',
       't2p2_champId', 't2p2_min15_creeps', 't2p2_min15_damagetaken',
       't2p2_min15_gold', 't2p2_min15_xp', 't2p3_champId', 't2p3_min15_creeps',
       't2p3_min15_damagetaken', 't2p3_min15_gold', 't2p3_min15_xp',
       't2p4_champId', 't2p4_min15_creeps', 't2p4_min15_damagetaken',
       't2p4_min15_gold', 't2p4_min15_xp', 't2p5_champId', 't2p5_min15_creeps',
       't2p5_min15_damagetaken', 't2p5_min15_gold', 't2p5_min15_xp', 't1_win'],
      dtype='object')
-----------------The 0 epoch------------------
===train===
Accuracy : 0.8081
AUC Score (Train): 0.911459
===test===
Accuracy : 0.831
AUC Score (Test): 0.921022
-----------------The 1 epoch------------------
===train===
Accuracy : 0.8304
AUC Score (Train): 0.911355
===test===
Accuracy : 0.831
AUC Score (Test): 0.908537
-----------------The 2 epoch------------------
===train===
Accuracy : 0.8161
AUC Score (Train): 0.908257
===test===
Accuracy : 0.837
AUC Score (Test): 0.915630
-----------------The 3 epoch------------------
===train===
Accuracy : 0.8262
AUC Score (Train): 0.904711
===test===
Accuracy : 0.843
AUC Score (Test): 0.915769
-----------------The 4 epoch------------------
===train===
Accuracy : 0.8175
AUC Score (Train): 0.912357
===test===
Accuracy : 0.825
AUC Score (Test): 0.917779
-----------------The 5 epoch------------------
===train===
Accuracy : 0.8304
AUC Score (Train): 0.910524
===test===
Accuracy : 0.833
AUC Score (Test): 0.906581
-----------------The 6 epoch------------------
===train===
Accuracy : 0.8258
AUC Score (Train): 0.907635
===test===
Accuracy : 0.831
AUC Score (Test): 0.909379
-----------------The 7 epoch------------------
===train===
Accuracy : 0.828
AUC Score (Train): 0.903507
===test===
Accuracy : 0.802
AUC Score (Test): 0.880349
-----------------The 8 epoch------------------
===train===
Accuracy : 0.8148
AUC Score (Train): 0.910176
===test===
Accuracy : 0.824
AUC Score (Test): 0.919480
-----------------The 9 epoch------------------
===train===
Accuracy : 0.8305
AUC Score (Train): 0.911183
===test===
Accuracy : 0.826
AUC Score (Test): 0.908806
-----------------The 10 epoch------------------
===train===
Accuracy : 0.8301
AUC Score (Train): 0.912363
===test===
Accuracy : 0.847
AUC Score (Test): 0.918719
-----------------The 11 epoch------------------
===train===
Accuracy : 0.8263
AUC Score (Train): 0.905369
===test===
Accuracy : 0.831
AUC Score (Test): 0.911360
-----------------The 12 epoch------------------
===train===
Accuracy : 0.8026
AUC Score (Train): 0.911249
===test===
Accuracy : 0.795
AUC Score (Test): 0.898720
-----------------The 13 epoch------------------
===train===
Accuracy : 0.8258
AUC Score (Train): 0.909277
===test===
Accuracy : 0.823
AUC Score (Test): 0.902327
-----------------The 14 epoch------------------
===train===
Accuracy : 0.813
AUC Score (Train): 0.911711
===test===
Accuracy : 0.772
AUC Score (Test): 0.873389
-----------------The 15 epoch------------------
===train===
Accuracy : 0.8304
AUC Score (Train): 0.909943
===test===
Accuracy : 0.825
AUC Score (Test): 0.896465
-----------------The 16 epoch------------------
===train===
Accuracy : 0.8087
AUC Score (Train): 0.910664
===test===
Accuracy : 0.794
AUC Score (Test): 0.906647
-----------------The 17 epoch------------------
===train===
Accuracy : 0.8273
AUC Score (Train): 0.911602
===test===
Accuracy : 0.828
AUC Score (Test): 0.907598
-----------------The 18 epoch------------------
===train===
Accuracy : 0.829
AUC Score (Train): 0.908669
===test===
Accuracy : 0.845
AUC Score (Test): 0.921510
-----------------The 19 epoch------------------
===train===
Accuracy : 0.8245
AUC Score (Train): 0.900841
===test===
Accuracy : 0.815
AUC Score (Test): 0.899567
