Index(['t1p1_champId', 't1p1_min15_creeps', 't1p1_min15_damagetaken',
       't1p1_min15_gold', 't1p1_min15_xp', 't1p2_champId', 't1p2_min15_creeps',
       't1p2_min15_damagetaken', 't1p2_min15_gold', 't1p2_min15_xp',
       't1p3_champId', 't1p3_min15_creeps', 't1p3_min15_damagetaken',
       't1p3_min15_gold', 't1p3_min15_xp', 't1p4_champId', 't1p4_min15_creeps',
       't1p4_min15_damagetaken', 't1p4_min15_gold', 't1p4_min15_xp',
       't1p5_champId', 't1p5_min15_creeps', 't1p5_min15_damagetaken',
       't1p5_min15_gold', 't1p5_min15_xp', 't2p1_champId', 't2p1_min15_creeps',
       't2p1_min15_damagetaken', 't2p1_min15_gold', 't2p1_min15_xp',
       't2p2_champId', 't2p2_min15_creeps', 't2p2_min15_damagetaken',
       't2p2_min15_gold', 't2p2_min15_xp', 't2p3_champId', 't2p3_min15_creeps',
       't2p3_min15_damagetaken', 't2p3_min15_gold', 't2p3_min15_xp',
       't2p4_champId', 't2p4_min15_creeps', 't2p4_min15_damagetaken',
       't2p4_min15_gold', 't2p4_min15_xp', 't2p5_champId', 't2p5_min15_creeps',
       't2p5_min15_damagetaken', 't2p5_min15_gold', 't2p5_min15_xp', 't1_win'],
      dtype='object')
-----------------The 0 epoch------------------
===train===
Accuracy : 0.8281
AUC Score (Train): 0.912314
===test===
Accuracy : 0.838
AUC Score (Test): 0.912779
-----------------The 1 epoch------------------
===train===
Accuracy : 0.8295
AUC Score (Train): 0.907299
===test===
Accuracy : 0.831
AUC Score (Test): 0.903460
-----------------The 2 epoch------------------
===train===
Accuracy : 0.4966
AUC Score (Train): 0.500017
===test===
Accuracy : 0.508
AUC Score (Test): 0.500000
-----------------The 3 epoch------------------
===train===
Accuracy : 0.8196
AUC Score (Train): 0.909598
===test===
Accuracy : 0.835
AUC Score (Test): 0.913399
-----------------The 4 epoch------------------
===train===
Accuracy : 0.8277
AUC Score (Train): 0.912929
===test===
Accuracy : 0.832
AUC Score (Test): 0.914050
-----------------The 5 epoch------------------
===train===
Accuracy : 0.8263
AUC Score (Train): 0.911789
===test===
Accuracy : 0.831
AUC Score (Test): 0.918942
-----------------The 6 epoch------------------
===train===
Accuracy : 0.8262
AUC Score (Train): 0.905466
===test===
Accuracy : 0.817
AUC Score (Test): 0.903430
-----------------The 7 epoch------------------
===train===
Accuracy : 0.8019
AUC Score (Train): 0.898874
===test===
Accuracy : 0.821
AUC Score (Test): 0.918832
-----------------The 8 epoch------------------
===train===
Accuracy : 0.4966
AUC Score (Train): 0.500034
===test===
Accuracy : 0.504
AUC Score (Test): 0.500000
-----------------The 9 epoch------------------
===train===
Accuracy : 0.8285
AUC Score (Train): 0.911371
===test===
Accuracy : 0.861
AUC Score (Test): 0.932211
-----------------The 10 epoch------------------
===train===
Accuracy : 0.8288
AUC Score (Train): 0.904970
===test===
Accuracy : 0.812
AUC Score (Test): 0.889081
-----------------The 11 epoch------------------
===train===
Accuracy : 0.4964
AUC Score (Train): 0.500051
===test===
Accuracy : 0.52
AUC Score (Test): 0.500000
-----------------The 12 epoch------------------
===train===
Accuracy : 0.8001
AUC Score (Train): 0.904416
===test===
Accuracy : 0.8
AUC Score (Test): 0.906927
-----------------The 13 epoch------------------
===train===
Accuracy : 0.8279
AUC Score (Train): 0.911577
===test===
Accuracy : 0.823
AUC Score (Test): 0.914729
-----------------The 14 epoch------------------
===train===
Accuracy : 0.8188
AUC Score (Train): 0.911146
===test===
Accuracy : 0.791
AUC Score (Test): 0.895869
-----------------The 15 epoch------------------
===train===
Accuracy : 0.8292
AUC Score (Train): 0.911603
===test===
Accuracy : 0.845
AUC Score (Test): 0.914405
-----------------The 16 epoch------------------
===train===
Accuracy : 0.8299
AUC Score (Train): 0.912391
===test===
Accuracy : 0.802
AUC Score (Test): 0.901399
-----------------The 17 epoch------------------
===train===
Accuracy : 0.8272
AUC Score (Train): 0.904977
===test===
Accuracy : 0.842
AUC Score (Test): 0.911847
-----------------The 18 epoch------------------
===train===
Accuracy : 0.5029
AUC Score (Train): 0.500017
===test===
Accuracy : 0.519
AUC Score (Test): 0.500000
-----------------The 19 epoch------------------
===train===
Accuracy : 0.8266
AUC Score (Train): 0.911959
===test===
Accuracy : 0.819
AUC Score (Test): 0.901663
