Index(['t1p1_champId', 't1p1_min15_creeps', 't1p1_min15_damagetaken',
       't1p1_min15_gold', 't1p1_min15_xp', 't1p2_champId', 't1p2_min15_creeps',
       't1p2_min15_damagetaken', 't1p2_min15_gold', 't1p2_min15_xp',
       't1p3_champId', 't1p3_min15_creeps', 't1p3_min15_damagetaken',
       't1p3_min15_gold', 't1p3_min15_xp', 't1p4_champId', 't1p4_min15_creeps',
       't1p4_min15_damagetaken', 't1p4_min15_gold', 't1p4_min15_xp',
       't1p5_champId', 't1p5_min15_creeps', 't1p5_min15_damagetaken',
       't1p5_min15_gold', 't1p5_min15_xp', 't2p1_champId', 't2p1_min15_creeps',
       't2p1_min15_damagetaken', 't2p1_min15_gold', 't2p1_min15_xp',
       't2p2_champId', 't2p2_min15_creeps', 't2p2_min15_damagetaken',
       't2p2_min15_gold', 't2p2_min15_xp', 't2p3_champId', 't2p3_min15_creeps',
       't2p3_min15_damagetaken', 't2p3_min15_gold', 't2p3_min15_xp',
       't2p4_champId', 't2p4_min15_creeps', 't2p4_min15_damagetaken',
       't2p4_min15_gold', 't2p4_min15_xp', 't2p5_champId', 't2p5_min15_creeps',
       't2p5_min15_damagetaken', 't2p5_min15_gold', 't2p5_min15_xp', 't1_win'],
      dtype='object')
-----------------The 0 epoch------------------
===train===
Accuracy : 0.8112
AUC Score (Train): 0.911230
===test===
Accuracy : 0.791
AUC Score (Test): 0.886266
-----------------The 1 epoch------------------
===train===
Accuracy : 0.8269
AUC Score (Train): 0.912279
===test===
Accuracy : 0.803
AUC Score (Test): 0.893785
-----------------The 2 epoch------------------
===train===
Accuracy : 0.4973
AUC Score (Train): 0.500101
===test===
Accuracy : 0.469
AUC Score (Test): 0.499058
-----------------The 3 epoch------------------
===train===
Accuracy : 0.5031
AUC Score (Train): 0.499983
===test===
Accuracy : 0.512
AUC Score (Test): 0.500000
-----------------The 4 epoch------------------
===train===
Accuracy : 0.8264
AUC Score (Train): 0.904267
===test===
Accuracy : 0.814
AUC Score (Test): 0.885900
-----------------The 5 epoch------------------
===train===
Accuracy : 0.8271
AUC Score (Train): 0.904216
===test===
Accuracy : 0.844
AUC Score (Test): 0.908973
-----------------The 6 epoch------------------
===train===
Accuracy : 0.8164
AUC Score (Train): 0.903873
===test===
Accuracy : 0.826
AUC Score (Test): 0.925113
-----------------The 7 epoch------------------
===train===
Accuracy : 0.8257
AUC Score (Train): 0.904685
===test===
Accuracy : 0.835
AUC Score (Test): 0.910879
-----------------The 8 epoch------------------
===train===
Accuracy : 0.8282
AUC Score (Train): 0.912306
===test===
Accuracy : 0.823
AUC Score (Test): 0.912735
-----------------The 9 epoch------------------
===train===
Accuracy : 0.8228
AUC Score (Train): 0.904521
===test===
Accuracy : 0.823
AUC Score (Test): 0.902808
-----------------The 10 epoch------------------
===train===
Accuracy : 0.5032
AUC Score (Train): 0.500051
===test===
Accuracy : 0.504
AUC Score (Test): 0.500000
-----------------The 11 epoch------------------
===train===
Accuracy : 0.8271
AUC Score (Train): 0.905805
===test===
Accuracy : 0.811
AUC Score (Test): 0.898498
-----------------The 12 epoch------------------
===train===
Accuracy : 0.828
AUC Score (Train): 0.911600
===test===
Accuracy : 0.825
AUC Score (Test): 0.910209
-----------------The 13 epoch------------------
===train===
Accuracy : 0.5034
AUC Score (Train): 0.500051
===test===
Accuracy : 0.498
AUC Score (Test): 0.500000
-----------------The 14 epoch------------------
===train===
Accuracy : 0.8241
AUC Score (Train): 0.909964
===test===
Accuracy : 0.828
AUC Score (Test): 0.911253
-----------------The 15 epoch------------------
===train===
Accuracy : 0.8237
AUC Score (Train): 0.908871
===test===
Accuracy : 0.811
AUC Score (Test): 0.904640
-----------------The 16 epoch------------------
===train===
Accuracy : 0.8245
AUC Score (Train): 0.883035
===test===
Accuracy : 0.807
AUC Score (Test): 0.868265
-----------------The 17 epoch------------------
===train===
Accuracy : 0.8282
AUC Score (Train): 0.912250
===test===
Accuracy : 0.836
AUC Score (Test): 0.916864
-----------------The 18 epoch------------------
===train===
Accuracy : 0.8165
AUC Score (Train): 0.904300
===test===
Accuracy : 0.85
AUC Score (Test): 0.928206
-----------------The 19 epoch------------------
===train===
Accuracy : 0.8229
AUC Score (Train): 0.886815
===test===
Accuracy : 0.844
AUC Score (Test): 0.903596
