Index(['t1p1_champId', 't1p1_min15_creeps', 't1p1_min15_damagetaken',
       't1p1_min15_gold', 't1p1_min15_xp', 't1p2_champId', 't1p2_min15_creeps',
       't1p2_min15_damagetaken', 't1p2_min15_gold', 't1p2_min15_xp',
       't1p3_champId', 't1p3_min15_creeps', 't1p3_min15_damagetaken',
       't1p3_min15_gold', 't1p3_min15_xp', 't1p4_champId', 't1p4_min15_creeps',
       't1p4_min15_damagetaken', 't1p4_min15_gold', 't1p4_min15_xp',
       't1p5_champId', 't1p5_min15_creeps', 't1p5_min15_damagetaken',
       't1p5_min15_gold', 't1p5_min15_xp', 't2p1_champId', 't2p1_min15_creeps',
       't2p1_min15_damagetaken', 't2p1_min15_gold', 't2p1_min15_xp',
       't2p2_champId', 't2p2_min15_creeps', 't2p2_min15_damagetaken',
       't2p2_min15_gold', 't2p2_min15_xp', 't2p3_champId', 't2p3_min15_creeps',
       't2p3_min15_damagetaken', 't2p3_min15_gold', 't2p3_min15_xp',
       't2p4_champId', 't2p4_min15_creeps', 't2p4_min15_damagetaken',
       't2p4_min15_gold', 't2p4_min15_xp', 't2p5_champId', 't2p5_min15_creeps',
       't2p5_min15_damagetaken', 't2p5_min15_gold', 't2p5_min15_xp', 't1_win'],
      dtype='object')
-----------------The 0 epoch------------------
===train===
Accuracy : 0.8284
AUC Score (Train): 0.912062
===test===
Accuracy : 0.834
AUC Score (Test): 0.915559
-----------------The 1 epoch------------------
===train===
Accuracy : 0.8249
AUC Score (Train): 0.908727
===test===
Accuracy : 0.811
AUC Score (Test): 0.914798
-----------------The 2 epoch------------------
===train===
Accuracy : 0.8132
AUC Score (Train): 0.912858
===test===
Accuracy : 0.798
AUC Score (Test): 0.906218
-----------------The 3 epoch------------------
===train===
Accuracy : 0.8195
AUC Score (Train): 0.906150
===test===
Accuracy : 0.815
AUC Score (Test): 0.901247
-----------------The 4 epoch------------------
===train===
Accuracy : 0.8286
AUC Score (Train): 0.905181
===test===
Accuracy : 0.821
AUC Score (Test): 0.897360
-----------------The 5 epoch------------------
===train===
Accuracy : 0.8273
AUC Score (Train): 0.905423
===test===
Accuracy : 0.813
AUC Score (Test): 0.902220
-----------------The 6 epoch------------------
===train===
Accuracy : 0.8289
AUC Score (Train): 0.911857
===test===
Accuracy : 0.826
AUC Score (Test): 0.914311
-----------------The 7 epoch------------------
===train===
Accuracy : 0.8195
AUC Score (Train): 0.894744
===test===
Accuracy : 0.824
AUC Score (Test): 0.882382
-----------------The 8 epoch------------------
===train===
Accuracy : 0.8236
AUC Score (Train): 0.896373
===test===
Accuracy : 0.838
AUC Score (Test): 0.901257
-----------------The 9 epoch------------------
===train===
Accuracy : 0.8229
AUC Score (Train): 0.909230
===test===
Accuracy : 0.816
AUC Score (Test): 0.904131
-----------------The 10 epoch------------------
===train===
Accuracy : 0.8296
AUC Score (Train): 0.909853
===test===
Accuracy : 0.818
AUC Score (Test): 0.901834
-----------------The 11 epoch------------------
===train===
Accuracy : 0.776
AUC Score (Train): 0.786161
===test===
Accuracy : 0.809
AUC Score (Test): 0.809020
-----------------The 12 epoch------------------
===train===
Accuracy : 0.8232
AUC Score (Train): 0.904863
===test===
Accuracy : 0.821
AUC Score (Test): 0.909311
-----------------The 13 epoch------------------
===train===
Accuracy : 0.8163
AUC Score (Train): 0.902081
===test===
Accuracy : 0.801
AUC Score (Test): 0.896632
-----------------The 14 epoch------------------
===train===
Accuracy : 0.7992
AUC Score (Train): 0.897107
===test===
Accuracy : 0.787
AUC Score (Test): 0.892628
-----------------The 15 epoch------------------
===train===
Accuracy : 0.8261
AUC Score (Train): 0.910360
===test===
Accuracy : 0.838
AUC Score (Test): 0.916177
-----------------The 16 epoch------------------
===train===
Accuracy : 0.8292
AUC Score (Train): 0.894811
===test===
Accuracy : 0.807
AUC Score (Test): 0.871100
-----------------The 17 epoch------------------
===train===
Accuracy : 0.8263
AUC Score (Train): 0.903660
===test===
Accuracy : 0.845
AUC Score (Test): 0.918358
-----------------The 18 epoch------------------
===train===
Accuracy : 0.8255
AUC Score (Train): 0.900060
===test===
Accuracy : 0.846
AUC Score (Test): 0.912681
-----------------The 19 epoch------------------
===train===
Accuracy : 0.8186
AUC Score (Train): 0.908063
===test===
Accuracy : 0.802
AUC Score (Test): 0.902072
